# JRE version: Java(TM) SE Runtime Environment (7.0_79-b15) (build 1.7.0_79-b15)
# Java VM: Java HotSpot(TM) 64-Bit Server VM (24.79-b02 mixed mode windows-amd64 compressed oops)
Heap
 PSYoungGen      total 282112K, used 26238K [0x00000000eaa80000, 0x00000000fe080000, 0x0000000100000000)
  eden space 254464K, 0% used [0x00000000eaa80000,0x00000000eaa80000,0x00000000fa300000)
  from space 27648K, 94% used [0x00000000fa300000,0x00000000fbc9f830,0x00000000fbe00000)
  to   space 19968K, 0% used [0x00000000fbe00000,0x00000000fbe00000,0x00000000fd180000)
 ParOldGen       total 174080K, used 23624K [0x00000000c0000000, 0x00000000caa00000, 0x00000000eaa80000)
  object space 174080K, 13% used [0x00000000c0000000,0x00000000c17122c8,0x00000000caa00000)
 PSPermGen       total 40448K, used 40447K [0x00000000b0000000, 0x00000000b2780000, 0x00000000c0000000)
  object space 40448K, 99% used [0x00000000b0000000,0x00000000b277ffb0,0x00000000b2780000)
GC Heap History (10 events):
Event: 1.452 GC heap after
Heap after GC invocations=3 (full 0):
 PSYoungGen      total 76288K, used 6500K [0x00000000eaa80000, 0x00000000f3f80000, 0x0000000100000000)
  eden space 65536K, 0% used [0x00000000eaa80000,0x00000000eaa80000,0x00000000eea80000)
  from space 10752K, 60% used [0x00000000eea80000,0x00000000ef0d9230,0x00000000ef500000)
  to   space 10752K, 0% used [0x00000000f3500000,0x00000000f3500000,0x00000000f3f80000)
 ParOldGen       total 174080K, used 348K [0x00000000c0000000, 0x00000000caa00000, 0x00000000eaa80000)
  object space 174080K, 0% used [0x00000000c0000000,0x00000000c00573b0,0x00000000caa00000)
 PSPermGen       total 21504K, used 20152K [0x00000000b0000000, 0x00000000b1500000, 0x00000000c0000000)
  object space 21504K, 93% used [0x00000000b0000000,0x00000000b13ae120,0x00000000b1500000)
}
Event: 1.730 GC heap before
{Heap before GC invocations=4 (full 0):
 PSYoungGen      total 76288K, used 72036K [0x00000000eaa80000, 0x00000000f3f80000, 0x0000000100000000)
  eden space 65536K, 100% used [0x00000000eaa80000,0x00000000eea80000,0x00000000eea80000)
  from space 10752K, 60% used [0x00000000eea80000,0x00000000ef0d9230,0x00000000ef500000)
  to   space 10752K, 0% used [0x00000000f3500000,0x00000000f3500000,0x00000000f3f80000)
 ParOldGen       total 174080K, used 348K [0x00000000c0000000, 0x00000000caa00000, 0x00000000eaa80000)
  object space 174080K, 0% used [0x00000000c0000000,0x00000000c00573b0,0x00000000caa00000)
 PSPermGen       total 22528K, used 22365K [0x00000000b0000000, 0x00000000b1600000, 0x00000000c0000000)
  object space 22528K, 99% used [0x00000000b0000000,0x00000000b15d7788,0x00000000b1600000)
Event: 1.737 GC heap after
Heap after GC invocations=4 (full 0):
 PSYoungGen      total 141824K, used 9478K [0x00000000eaa80000, 0x00000000f3f80000, 0x0000000100000000)
  eden space 131072K, 0% used [0x00000000eaa80000,0x00000000eaa80000,0x00000000f2a80000)
  from space 10752K, 88% used [0x00000000f3500000,0x00000000f3e41b68,0x00000000f3f80000)
  to   space 10752K, 0% used [0x00000000f2a80000,0x00000000f2a80000,0x00000000f3500000)
 ParOldGen       total 174080K, used 356K [0x00000000c0000000, 0x00000000caa00000, 0x00000000eaa80000)
  object space 174080K, 0% used [0x00000000c0000000,0x00000000c00593b0,0x00000000caa00000)
 PSPermGen       total 22528K, used 22365K [0x00000000b0000000, 0x00000000b1600000, 0x00000000c0000000)
  object space 22528K, 99% used [0x00000000b0000000,0x00000000b15d7788,0x00000000b1600000)
}
Event: 2.899 GC heap before
{Heap before GC invocations=5 (full 0):
 PSYoungGen      total 141824K, used 140550K [0x00000000eaa80000, 0x00000000f3f80000, 0x0000000100000000)
  eden space 131072K, 100% used [0x00000000eaa80000,0x00000000f2a80000,0x00000000f2a80000)
  from space 10752K, 88% used [0x00000000f3500000,0x00000000f3e41b68,0x00000000f3f80000)
  to   space 10752K, 0% used [0x00000000f2a80000,0x00000000f2a80000,0x00000000f3500000)
 ParOldGen       total 174080K, used 356K [0x00000000c0000000, 0x00000000caa00000, 0x00000000eaa80000)
  object space 174080K, 0% used [0x00000000c0000000,0x00000000c00593b0,0x00000000caa00000)
 PSPermGen       total 32256K, used 31840K [0x00000000b0000000, 0x00000000b1f80000, 0x00000000c0000000)
  object space 32256K, 98% used [0x00000000b0000000,0x00000000b1f18108,0x00000000b1f80000)
Event: 2.916 GC heap after
Heap after GC invocations=5 (full 0):
 PSYoungGen      total 141824K, used 10728K [0x00000000eaa80000, 0x00000000fd180000, 0x0000000100000000)
  eden space 131072K, 0% used [0x00000000eaa80000,0x00000000eaa80000,0x00000000f2a80000)
  from space 10752K, 99% used [0x00000000f2a80000,0x00000000f34fa290,0x00000000f3500000)
  to   space 19968K, 0% used [0x00000000fbe00000,0x00000000fbe00000,0x00000000fd180000)
 ParOldGen       total 174080K, used 10760K [0x00000000c0000000, 0x00000000caa00000, 0x00000000eaa80000)
  object space 174080K, 6% used [0x00000000c0000000,0x00000000c0a822e0,0x00000000caa00000)
 PSPermGen       total 32256K, used 31840K [0x00000000b0000000, 0x00000000b1f80000, 0x00000000c0000000)
  object space 32256K, 98% used [0x00000000b0000000,0x00000000b1f18108,0x00000000b1f80000)
}
Event: 3.921 GC heap before
{Heap before GC invocations=6 (full 0):
 PSYoungGen      total 141824K, used 141800K [0x00000000eaa80000, 0x00000000fd180000, 0x0000000100000000)
  eden space 131072K, 100% used [0x00000000eaa80000,0x00000000f2a80000,0x00000000f2a80000)
  from space 10752K, 99% used [0x00000000f2a80000,0x00000000f34fa290,0x00000000f3500000)
  to   space 19968K, 0% used [0x00000000fbe00000,0x00000000fbe00000,0x00000000fd180000)
 ParOldGen       total 174080K, used 10760K [0x00000000c0000000, 0x00000000caa00000, 0x00000000eaa80000)
  object space 174080K, 6% used [0x00000000c0000000,0x00000000c0a822e0,0x00000000caa00000)
 PSPermGen       total 37888K, used 37817K [0x00000000b0000000, 0x00000000b2500000, 0x00000000c0000000)
  object space 37888K, 99% used [0x00000000b0000000,0x00000000b24ee7e0,0x00000000b2500000)
Event: 3.940 GC heap after
Heap after GC invocations=6 (full 0):
 PSYoungGen      total 274432K, used 19960K [0x00000000eaa80000, 0x00000000fe080000, 0x0000000100000000)
  eden space 254464K, 0% used [0x00000000eaa80000,0x00000000eaa80000,0x00000000fa300000)
  from space 19968K, 99% used [0x00000000fbe00000,0x00000000fd17e210,0x00000000fd180000)
  to   space 27648K, 0% used [0x00000000fa300000,0x00000000fa300000,0x00000000fbe00000)
 ParOldGen       total 174080K, used 19002K [0x00000000c0000000, 0x00000000caa00000, 0x00000000eaa80000)
  object space 174080K, 10% used [0x00000000c0000000,0x00000000c128ea58,0x00000000caa00000)
 PSPermGen       total 37888K, used 37817K [0x00000000b0000000, 0x00000000b2500000, 0x00000000c0000000)
  object space 37888K, 99% used [0x00000000b0000000,0x00000000b24ee7e0,0x00000000b2500000)
}
Event: 4.868 GC heap before
{Heap before GC invocations=7 (full 0):
 PSYoungGen      total 274432K, used 102712K [0x00000000eaa80000, 0x00000000fe080000, 0x0000000100000000)
  eden space 254464K, 32% used [0x00000000eaa80000,0x00000000efb4fe30,0x00000000fa300000)
  from space 19968K, 99% used [0x00000000fbe00000,0x00000000fd17e210,0x00000000fd180000)
  to   space 27648K, 0% used [0x00000000fa300000,0x00000000fa300000,0x00000000fbe00000)
 ParOldGen       total 174080K, used 19002K [0x00000000c0000000, 0x00000000caa00000, 0x00000000eaa80000)
  object space 174080K, 10% used [0x00000000c0000000,0x00000000c128ea58,0x00000000caa00000)
 PSPermGen       total 40448K, used 40447K [0x00000000b0000000, 0x00000000b2780000, 0x00000000c0000000)
  object space 40448K, 99% used [0x00000000b0000000,0x00000000b277ffb0,0x00000000b2780000)
Event: 4.892 GC heap after
Heap after GC invocations=7 (full 0):
 PSYoungGen      total 282112K, used 26238K [0x00000000eaa80000, 0x00000000fe080000, 0x0000000100000000)
  eden space 254464K, 0% used [0x00000000eaa80000,0x00000000eaa80000,0x00000000fa300000)
  from space 27648K, 94% used [0x00000000fa300000,0x00000000fbc9f830,0x00000000fbe00000)
  to   space 19968K, 0% used [0x00000000fbe00000,0x00000000fbe00000,0x00000000fd180000)
 ParOldGen       total 174080K, used 23624K [0x00000000c0000000, 0x00000000caa00000, 0x00000000eaa80000)
  object space 174080K, 13% used [0x00000000c0000000,0x00000000c17122c8,0x00000000caa00000)
 PSPermGen       total 40448K, used 40447K [0x00000000b0000000, 0x00000000b2780000, 0x00000000c0000000)
  object space 40448K, 99% used [0x00000000b0000000,0x00000000b277ffb0,0x00000000b2780000)
}
Event: 4.892 GC heap before
{Heap before GC invocations=8 (full 1):
 PSYoungGen      total 282112K, used 26238K [0x00000000eaa80000, 0x00000000fe080000, 0x0000000100000000)
  eden space 254464K, 0% used [0x00000000eaa80000,0x00000000eaa80000,0x00000000fa300000)
  from space 27648K, 94% used [0x00000000fa300000,0x00000000fbc9f830,0x00000000fbe00000)
  to   space 19968K, 0% used [0x00000000fbe00000,0x00000000fbe00000,0x00000000fd180000)
 ParOldGen       total 174080K, used 23624K [0x00000000c0000000, 0x00000000caa00000, 0x00000000eaa80000)
  object space 174080K, 13% used [0x00000000c0000000,0x00000000c17122c8,0x00000000caa00000)
 PSPermGen       total 40448K, used 40447K [0x00000000b0000000, 0x00000000b2780000, 0x00000000c0000000)
  object space 40448K, 99% used [0x00000000b0000000,0x00000000b277ffb0,0x00000000b2780000)

